<?xml version="1.0" encoding="UTF-8"?>
<coverage generated="1656021637361" clover="3.2.0">
  <project timestamp="1656021637361" name="All files">
    <metrics statements="55" coveredstatements="41" conditionals="16" coveredconditionals="8" methods="6" coveredmethods="5" elements="77" coveredelements="54" complexity="0" loc="55" ncloc="55" packages="3" files="6" classes="6"/>
    <package name="controllers">
      <metrics statements="47" coveredstatements="33" conditionals="16" coveredconditionals="8" methods="6" coveredmethods="5"/>
      <file name="sleep.js" path="C:\Users\User\Desktop\MERN\daily-sleep\server\src\controllers\sleep.js">
        <metrics statements="28" coveredstatements="23" conditionals="8" coveredconditionals="5" methods="4" coveredmethods="4"/>
        <line num="4" count="2" type="stmt"/>
        <line num="5" count="1" type="stmt"/>
        <line num="6" count="1" type="stmt"/>
        <line num="7" count="1" type="stmt"/>
        <line num="8" count="1" type="stmt"/>
        <line num="10" count="1" type="stmt"/>
        <line num="12" count="0" type="stmt"/>
        <line num="16" count="2" type="stmt"/>
        <line num="17" count="1" type="stmt"/>
        <line num="18" count="1" type="stmt"/>
        <line num="20" count="1" type="stmt"/>
        <line num="21" count="73" type="stmt"/>
        <line num="24" count="1" type="stmt"/>
        <line num="26" count="0" type="stmt"/>
        <line num="31" count="74" type="stmt"/>
        <line num="33" count="74" type="stmt"/>
        <line num="35" count="74" type="cond" truecount="2" falsecount="0"/>
        <line num="36" count="4" type="stmt"/>
        <line num="37" count="70" type="cond" truecount="1" falsecount="1"/>
        <line num="38" count="0" type="stmt"/>
        <line num="40" count="70" type="stmt"/>
        <line num="43" count="74" type="cond" truecount="1" falsecount="1"/>
        <line num="44" count="74" type="stmt"/>
        <line num="46" count="0" type="stmt"/>
        <line num="49" count="74" type="cond" truecount="1" falsecount="1"/>
        <line num="50" count="0" type="stmt"/>
        <line num="52" count="74" type="stmt"/>
        <line num="54" count="74" type="stmt"/>
      </file>
      <file name="user.js" path="C:\Users\User\Desktop\MERN\daily-sleep\server\src\controllers\user.js">
        <metrics statements="19" coveredstatements="10" conditionals="8" coveredconditionals="3" methods="2" coveredmethods="1"/>
        <line num="5" count="1" type="stmt"/>
        <line num="6" count="0" type="stmt"/>
        <line num="8" count="0" type="stmt"/>
        <line num="9" count="0" type="stmt"/>
        <line num="11" count="0" type="cond" truecount="0" falsecount="2"/>
        <line num="13" count="0" type="stmt"/>
        <line num="15" count="0" type="cond" truecount="0" falsecount="2"/>
        <line num="18" count="0" type="stmt"/>
        <line num="20" count="0" type="stmt"/>
        <line num="24" count="1" type="stmt"/>
        <line num="25" count="2" type="stmt"/>
        <line num="27" count="2" type="stmt"/>
        <line num="28" count="2" type="stmt"/>
        <line num="29" count="2" type="cond" truecount="2" falsecount="0"/>
        <line num="31" count="1" type="cond" truecount="1" falsecount="1"/>
        <line num="33" count="1" type="stmt"/>
        <line num="35" count="1" type="stmt"/>
        <line num="37" count="1" type="stmt"/>
        <line num="39" count="0" type="stmt"/>
      </file>
    </package>
    <package name="models">
      <metrics statements="2" coveredstatements="2" conditionals="0" coveredconditionals="0" methods="0" coveredmethods="0"/>
      <file name="sleep.js" path="C:\Users\User\Desktop\MERN\daily-sleep\server\src\models\sleep.js">
        <metrics statements="1" coveredstatements="1" conditionals="0" coveredconditionals="0" methods="0" coveredmethods="0"/>
        <line num="3" count="2" type="stmt"/>
      </file>
      <file name="user.js" path="C:\Users\User\Desktop\MERN\daily-sleep\server\src\models\user.js">
        <metrics statements="1" coveredstatements="1" conditionals="0" coveredconditionals="0" methods="0" coveredmethods="0"/>
        <line num="3" count="1" type="stmt"/>
      </file>
    </package>
    <package name="routes">
      <metrics statements="6" coveredstatements="6" conditionals="0" coveredconditionals="0" methods="0" coveredmethods="0"/>
      <file name="sleep.js" path="C:\Users\User\Desktop\MERN\daily-sleep\server\src\routes\sleep.js">
        <metrics statements="3" coveredstatements="3" conditionals="0" coveredconditionals="0" methods="0" coveredmethods="0"/>
        <line num="5" count="1" type="stmt"/>
        <line num="7" count="1" type="stmt"/>
        <line num="8" count="1" type="stmt"/>
      </file>
      <file name="users.js" path="C:\Users\User\Desktop\MERN\daily-sleep\server\src\routes\users.js">
        <metrics statements="3" coveredstatements="3" conditionals="0" coveredconditionals="0" methods="0" coveredmethods="0"/>
        <line num="5" count="1" type="stmt"/>
        <line num="7" count="1" type="stmt"/>
        <line num="8" count="1" type="stmt"/>
      </file>
    </package>
  </project>
</coverage>
