<?xml version="1.0" encoding="UTF-8"?>
<coverage generated="1656112296198" clover="3.2.0">
  <project timestamp="1656112296198" name="All files">
    <metrics statements="58" coveredstatements="53" conditionals="16" coveredconditionals="11" methods="6" coveredmethods="6" elements="80" coveredelements="70" complexity="0" loc="58" ncloc="58" packages="3" files="6" classes="6"/>
    <package name="controllers">
      <metrics statements="50" coveredstatements="45" conditionals="16" coveredconditionals="11" methods="6" coveredmethods="6"/>
      <file name="sleep.js" path="C:\Users\User\Desktop\MERN\daily-sleep\sleep-server\src\controllers\sleep.js">
        <metrics statements="30" coveredstatements="27" conditionals="8" coveredconditionals="7" methods="4" coveredmethods="4"/>
        <line num="4" count="2" type="stmt"/>
        <line num="5" count="1" type="stmt"/>
        <line num="6" count="1" type="stmt"/>
        <line num="7" count="1" type="stmt"/>
        <line num="8" count="1" type="stmt"/>
        <line num="10" count="1" type="stmt"/>
        <line num="12" count="0" type="stmt"/>
        <line num="16" count="2" type="stmt"/>
        <line num="17" count="1" type="stmt"/>
        <line num="18" count="1" type="stmt"/>
        <line num="19" count="1" type="stmt"/>
        <line num="20" count="1" type="stmt"/>
        <line num="22" count="1" type="stmt"/>
        <line num="23" count="70" type="stmt"/>
        <line num="25" count="1" type="stmt"/>
        <line num="27" count="0" type="stmt"/>
        <line num="32" count="71" type="stmt"/>
        <line num="34" count="71" type="stmt"/>
        <line num="36" count="71" type="cond" truecount="2" falsecount="0"/>
        <line num="37" count="1" type="stmt"/>
        <line num="38" count="70" type="cond" truecount="2" falsecount="0"/>
        <line num="39" count="10" type="stmt"/>
        <line num="41" count="60" type="stmt"/>
        <line num="44" count="71" type="cond" truecount="1" falsecount="1"/>
        <line num="45" count="71" type="stmt"/>
        <line num="47" count="0" type="stmt"/>
        <line num="50" count="71" type="cond" truecount="2" falsecount="0"/>
        <line num="51" count="13" type="stmt"/>
        <line num="53" count="71" type="stmt"/>
        <line num="55" count="71" type="stmt"/>
      </file>
      <file name="user.js" path="C:\Users\User\Desktop\MERN\daily-sleep\sleep-server\src\controllers\user.js">
        <metrics statements="20" coveredstatements="18" conditionals="8" coveredconditionals="4" methods="2" coveredmethods="2"/>
        <line num="5" count="1" type="stmt"/>
        <line num="7" count="1" type="stmt"/>
        <line num="8" count="1" type="stmt"/>
        <line num="9" count="1" type="stmt"/>
        <line num="11" count="1" type="cond" truecount="1" falsecount="1"/>
        <line num="13" count="1" type="stmt"/>
        <line num="15" count="1" type="cond" truecount="1" falsecount="1"/>
        <line num="18" count="1" type="stmt"/>
        <line num="20" count="0" type="stmt"/>
        <line num="24" count="1" type="stmt"/>
        <line num="26" count="1" type="stmt"/>
        <line num="27" count="1" type="stmt"/>
        <line num="28" count="1" type="stmt"/>
        <line num="30" count="1" type="stmt"/>
        <line num="31" count="1" type="cond" truecount="1" falsecount="1"/>
        <line num="33" count="1" type="cond" truecount="1" falsecount="1"/>
        <line num="35" count="1" type="stmt"/>
        <line num="37" count="1" type="stmt"/>
        <line num="39" count="1" type="stmt"/>
        <line num="41" count="0" type="stmt"/>
      </file>
    </package>
    <package name="models">
      <metrics statements="2" coveredstatements="2" conditionals="0" coveredconditionals="0" methods="0" coveredmethods="0"/>
      <file name="sleep.js" path="C:\Users\User\Desktop\MERN\daily-sleep\sleep-server\src\models\sleep.js">
        <metrics statements="1" coveredstatements="1" conditionals="0" coveredconditionals="0" methods="0" coveredmethods="0"/>
        <line num="3" count="2" type="stmt"/>
      </file>
      <file name="user.js" path="C:\Users\User\Desktop\MERN\daily-sleep\sleep-server\src\models\user.js">
        <metrics statements="1" coveredstatements="1" conditionals="0" coveredconditionals="0" methods="0" coveredmethods="0"/>
        <line num="3" count="1" type="stmt"/>
      </file>
    </package>
    <package name="routes">
      <metrics statements="6" coveredstatements="6" conditionals="0" coveredconditionals="0" methods="0" coveredmethods="0"/>
      <file name="sleep.js" path="C:\Users\User\Desktop\MERN\daily-sleep\sleep-server\src\routes\sleep.js">
        <metrics statements="3" coveredstatements="3" conditionals="0" coveredconditionals="0" methods="0" coveredmethods="0"/>
        <line num="5" count="1" type="stmt"/>
        <line num="7" count="1" type="stmt"/>
        <line num="8" count="1" type="stmt"/>
      </file>
      <file name="users.js" path="C:\Users\User\Desktop\MERN\daily-sleep\sleep-server\src\routes\users.js">
        <metrics statements="3" coveredstatements="3" conditionals="0" coveredconditionals="0" methods="0" coveredmethods="0"/>
        <line num="5" count="1" type="stmt"/>
        <line num="7" count="1" type="stmt"/>
        <line num="8" count="1" type="stmt"/>
      </file>
    </package>
  </project>
</coverage>
