{"C:\\Users\\User\\Desktop\\MERN\\daily-sleep\\sleep-server\\src\\controllers\\sleep.js": {"path":"C:\\Users\\User\\Desktop\\MERN\\daily-sleep\\sleep-server\\src\\controllers\\sleep.js","statementMap":{"0":{"start":{"line":4,"column":27},"end":{"line":14,"column":1}},"1":{"start":{"line":5,"column":4},"end":{"line":13,"column":5}},"2":{"start":{"line":6,"column":22},"end":{"line":6,"column":30}},"3":{"start":{"line":7,"column":25},"end":{"line":7,"column":152}},"4":{"start":{"line":8,"column":8},"end":{"line":8,"column":29}},"5":{"start":{"line":10,"column":8},"end":{"line":10,"column":38}},"6":{"start":{"line":12,"column":8},"end":{"line":12,"column":56}},"7":{"start":{"line":16,"column":24},"end":{"line":29,"column":1}},"8":{"start":{"line":17,"column":4},"end":{"line":28,"column":5}},"9":{"start":{"line":18,"column":8},"end":{"line":18,"column":28}},"10":{"start":{"line":19,"column":22},"end":{"line":19,"column":61}},"11":{"start":{"line":20,"column":8},"end":{"line":20,"column":35}},"12":{"start":{"line":22,"column":25},"end":{"line":24,"column":10}},"13":{"start":{"line":23,"column":12},"end":{"line":23,"column":39}},"14":{"start":{"line":25,"column":7},"end":{"line":25,"column":44}},"15":{"start":{"line":27,"column":8},"end":{"line":27,"column":63}},"16":{"start":{"line":32,"column":23},"end":{"line":32,"column":48}},"17":{"start":{"line":34,"column":24},"end":{"line":34,"column":50}},"18":{"start":{"line":36,"column":4},"end":{"line":42,"column":5}},"19":{"start":{"line":37,"column":8},"end":{"line":37,"column":39}},"20":{"start":{"line":38,"column":11},"end":{"line":42,"column":5}},"21":{"start":{"line":39,"column":8},"end":{"line":39,"column":65}},"22":{"start":{"line":41,"column":8},"end":{"line":41,"column":72}},"23":{"start":{"line":44,"column":4},"end":{"line":48,"column":5}},"24":{"start":{"line":45,"column":8},"end":{"line":45,"column":70}},"25":{"start":{"line":47,"column":8},"end":{"line":47,"column":70}},"26":{"start":{"line":50,"column":4},"end":{"line":51,"column":20}},"27":{"start":{"line":51,"column":8},"end":{"line":51,"column":20}},"28":{"start":{"line":53,"column":4},"end":{"line":53,"column":43}},"29":{"start":{"line":55,"column":4},"end":{"line":55,"column":109}}},"fnMap":{"0":{"name":"(anonymous_0)","decl":{"start":{"line":4,"column":27},"end":{"line":4,"column":28}},"loc":{"start":{"line":4,"column":47},"end":{"line":14,"column":1}},"line":4},"1":{"name":"(anonymous_1)","decl":{"start":{"line":16,"column":24},"end":{"line":16,"column":25}},"loc":{"start":{"line":16,"column":44},"end":{"line":29,"column":1}},"line":16},"2":{"name":"(anonymous_2)","decl":{"start":{"line":22,"column":35},"end":{"line":22,"column":36}},"loc":{"start":{"line":22,"column":43},"end":{"line":24,"column":9}},"line":22},"3":{"name":"calculateSleep","decl":{"start":{"line":31,"column":16},"end":{"line":31,"column":30}},"loc":{"start":{"line":31,"column":37},"end":{"line":56,"column":1}},"line":31}},"branchMap":{"0":{"loc":{"start":{"line":36,"column":4},"end":{"line":42,"column":5}},"type":"if","locations":[{"start":{"line":36,"column":4},"end":{"line":42,"column":5}},{"start":{"line":38,"column":11},"end":{"line":42,"column":5}}],"line":36},"1":{"loc":{"start":{"line":38,"column":11},"end":{"line":42,"column":5}},"type":"if","locations":[{"start":{"line":38,"column":11},"end":{"line":42,"column":5}},{"start":{"line":40,"column":11},"end":{"line":42,"column":5}}],"line":38},"2":{"loc":{"start":{"line":44,"column":4},"end":{"line":48,"column":5}},"type":"if","locations":[{"start":{"line":44,"column":4},"end":{"line":48,"column":5}},{"start":{"line":46,"column":11},"end":{"line":48,"column":5}}],"line":44},"3":{"loc":{"start":{"line":50,"column":4},"end":{"line":51,"column":20}},"type":"if","locations":[{"start":{"line":50,"column":4},"end":{"line":51,"column":20}},{"start":{},"end":{}}],"line":50}},"s":{"0":2,"1":1,"2":1,"3":1,"4":1,"5":1,"6":0,"7":2,"8":1,"9":1,"10":1,"11":1,"12":1,"13":70,"14":1,"15":0,"16":71,"17":71,"18":71,"19":1,"20":70,"21":10,"22":60,"23":71,"24":71,"25":0,"26":71,"27":13,"28":71,"29":71},"f":{"0":1,"1":1,"2":70,"3":71},"b":{"0":[1,70],"1":[10,60],"2":[71,0],"3":[13,58]},"_coverageSchema":"1a1c01bbd47fc00a2c39e90264f33305004495a9","hash":"e127f24ca028647fe5df1dddde4283670961bd09"}
,"C:\\Users\\User\\Desktop\\MERN\\daily-sleep\\sleep-server\\src\\controllers\\user.js": {"path":"C:\\Users\\User\\Desktop\\MERN\\daily-sleep\\sleep-server\\src\\controllers\\user.js","statementMap":{"0":{"start":{"line":5,"column":22},"end":{"line":22,"column":1}},"1":{"start":{"line":7,"column":4},"end":{"line":21,"column":5}},"2":{"start":{"line":8,"column":36},"end":{"line":8,"column":44}},"3":{"start":{"line":9,"column":29},"end":{"line":9,"column":65}},"4":{"start":{"line":11,"column":8},"end":{"line":11,"column":86}},"5":{"start":{"line":11,"column":26},"end":{"line":11,"column":86}},"6":{"start":{"line":13,"column":34},"end":{"line":13,"column":87}},"7":{"start":{"line":15,"column":8},"end":{"line":15,"column":93}},"8":{"start":{"line":15,"column":31},"end":{"line":15,"column":93}},"9":{"start":{"line":18,"column":8},"end":{"line":18,"column":52}},"10":{"start":{"line":20,"column":8},"end":{"line":20,"column":46}},"11":{"start":{"line":24,"column":22},"end":{"line":43,"column":1}},"12":{"start":{"line":26,"column":4},"end":{"line":42,"column":5}},"13":{"start":{"line":27,"column":74},"end":{"line":27,"column":82}},"14":{"start":{"line":28,"column":8},"end":{"line":28,"column":37}},"15":{"start":{"line":30,"column":29},"end":{"line":30,"column":63}},"16":{"start":{"line":31,"column":8},"end":{"line":31,"column":87}},"17":{"start":{"line":31,"column":25},"end":{"line":31,"column":87}},"18":{"start":{"line":33,"column":8},"end":{"line":33,"column":104}},"19":{"start":{"line":33,"column":41},"end":{"line":33,"column":104}},"20":{"start":{"line":35,"column":32},"end":{"line":35,"column":63}},"21":{"start":{"line":37,"column":23},"end":{"line":37,"column":118}},"22":{"start":{"line":39,"column":8},"end":{"line":39,"column":38}},"23":{"start":{"line":41,"column":8},"end":{"line":41,"column":54}}},"fnMap":{"0":{"name":"(anonymous_0)","decl":{"start":{"line":5,"column":22},"end":{"line":5,"column":23}},"loc":{"start":{"line":5,"column":42},"end":{"line":22,"column":1}},"line":5},"1":{"name":"(anonymous_1)","decl":{"start":{"line":24,"column":22},"end":{"line":24,"column":23}},"loc":{"start":{"line":24,"column":42},"end":{"line":43,"column":1}},"line":24}},"branchMap":{"0":{"loc":{"start":{"line":11,"column":8},"end":{"line":11,"column":86}},"type":"if","locations":[{"start":{"line":11,"column":8},"end":{"line":11,"column":86}},{"start":{},"end":{}}],"line":11},"1":{"loc":{"start":{"line":15,"column":8},"end":{"line":15,"column":93}},"type":"if","locations":[{"start":{"line":15,"column":8},"end":{"line":15,"column":93}},{"start":{},"end":{}}],"line":15},"2":{"loc":{"start":{"line":31,"column":8},"end":{"line":31,"column":87}},"type":"if","locations":[{"start":{"line":31,"column":8},"end":{"line":31,"column":87}},{"start":{},"end":{}}],"line":31},"3":{"loc":{"start":{"line":33,"column":8},"end":{"line":33,"column":104}},"type":"if","locations":[{"start":{"line":33,"column":8},"end":{"line":33,"column":104}},{"start":{},"end":{}}],"line":33}},"s":{"0":1,"1":1,"2":1,"3":1,"4":1,"5":0,"6":1,"7":1,"8":0,"9":1,"10":0,"11":1,"12":1,"13":1,"14":1,"15":1,"16":1,"17":0,"18":1,"19":0,"20":1,"21":1,"22":1,"23":0},"f":{"0":1,"1":1},"b":{"0":[0,1],"1":[0,1],"2":[0,1],"3":[0,1]},"_coverageSchema":"1a1c01bbd47fc00a2c39e90264f33305004495a9","hash":"ec066f2e20135ee2eacda644c274ffb99ada3ed8"}
,"C:\\Users\\User\\Desktop\\MERN\\daily-sleep\\sleep-server\\src\\models\\sleep.js": {"path":"C:\\Users\\User\\Desktop\\MERN\\daily-sleep\\sleep-server\\src\\models\\sleep.js","statementMap":{"0":{"start":{"line":3,"column":20},"end":{"line":8,"column":2}}},"fnMap":{},"branchMap":{},"s":{"0":2},"f":{},"b":{},"_coverageSchema":"1a1c01bbd47fc00a2c39e90264f33305004495a9","hash":"de332832cf3ca12a2a297b0ee697dc782c732d06"}
,"C:\\Users\\User\\Desktop\\MERN\\daily-sleep\\sleep-server\\src\\models\\user.js": {"path":"C:\\Users\\User\\Desktop\\MERN\\daily-sleep\\sleep-server\\src\\models\\user.js","statementMap":{"0":{"start":{"line":3,"column":19},"end":{"line":8,"column":2}}},"fnMap":{},"branchMap":{},"s":{"0":1},"f":{},"b":{},"_coverageSchema":"1a1c01bbd47fc00a2c39e90264f33305004495a9","hash":"1db7d65b2b597bde0ecb0e2330c2212983813256"}
,"C:\\Users\\User\\Desktop\\MERN\\daily-sleep\\sleep-server\\src\\routes\\sleep.js": {"path":"C:\\Users\\User\\Desktop\\MERN\\daily-sleep\\sleep-server\\src\\routes\\sleep.js","statementMap":{"0":{"start":{"line":5,"column":15},"end":{"line":5,"column":31}},"1":{"start":{"line":7,"column":0},"end":{"line":7,"column":29}},"2":{"start":{"line":8,"column":0},"end":{"line":8,"column":26}}},"fnMap":{},"branchMap":{},"s":{"0":1,"1":1,"2":1},"f":{},"b":{},"_coverageSchema":"1a1c01bbd47fc00a2c39e90264f33305004495a9","hash":"63e82f9127b6151f62090c3834166c120d9e2903"}
,"C:\\Users\\User\\Desktop\\MERN\\daily-sleep\\sleep-server\\src\\routes\\users.js": {"path":"C:\\Users\\User\\Desktop\\MERN\\daily-sleep\\sleep-server\\src\\routes\\users.js","statementMap":{"0":{"start":{"line":5,"column":15},"end":{"line":5,"column":31}},"1":{"start":{"line":7,"column":0},"end":{"line":7,"column":39}},"2":{"start":{"line":8,"column":0},"end":{"line":8,"column":38}}},"fnMap":{},"branchMap":{},"s":{"0":1,"1":1,"2":1},"f":{},"b":{},"_coverageSchema":"1a1c01bbd47fc00a2c39e90264f33305004495a9","hash":"ce1ac225ef54b6519c7d17ec1ae8c92f9e4a67c2"}
}
