{"C:\\Users\\User\\Desktop\\MERN\\daily-sleep\\server\\src\\controllers\\sleep.js": {"path":"C:\\Users\\User\\Desktop\\MERN\\daily-sleep\\server\\src\\controllers\\sleep.js","statementMap":{"0":{"start":{"line":4,"column":27},"end":{"line":14,"column":1}},"1":{"start":{"line":5,"column":18},"end":{"line":5,"column":26}},"2":{"start":{"line":6,"column":21},"end":{"line":6,"column":150}},"3":{"start":{"line":7,"column":4},"end":{"line":13,"column":5}},"4":{"start":{"line":8,"column":8},"end":{"line":8,"column":29}},"5":{"start":{"line":10,"column":8},"end":{"line":10,"column":38}},"6":{"start":{"line":12,"column":8},"end":{"line":12,"column":56}},"7":{"start":{"line":16,"column":24},"end":{"line":28,"column":1}},"8":{"start":{"line":17,"column":4},"end":{"line":27,"column":5}},"9":{"start":{"line":18,"column":22},"end":{"line":18,"column":61}},"10":{"start":{"line":20,"column":25},"end":{"line":22,"column":10}},"11":{"start":{"line":21,"column":12},"end":{"line":21,"column":39}},"12":{"start":{"line":24,"column":8},"end":{"line":24,"column":38}},"13":{"start":{"line":26,"column":8},"end":{"line":26,"column":56}},"14":{"start":{"line":31,"column":23},"end":{"line":31,"column":48}},"15":{"start":{"line":33,"column":24},"end":{"line":33,"column":50}},"16":{"start":{"line":35,"column":4},"end":{"line":41,"column":5}},"17":{"start":{"line":36,"column":8},"end":{"line":36,"column":39}},"18":{"start":{"line":37,"column":11},"end":{"line":41,"column":5}},"19":{"start":{"line":38,"column":8},"end":{"line":38,"column":65}},"20":{"start":{"line":40,"column":8},"end":{"line":40,"column":72}},"21":{"start":{"line":43,"column":4},"end":{"line":47,"column":5}},"22":{"start":{"line":44,"column":8},"end":{"line":44,"column":70}},"23":{"start":{"line":46,"column":8},"end":{"line":46,"column":70}},"24":{"start":{"line":49,"column":4},"end":{"line":50,"column":20}},"25":{"start":{"line":50,"column":8},"end":{"line":50,"column":20}},"26":{"start":{"line":52,"column":4},"end":{"line":52,"column":43}},"27":{"start":{"line":54,"column":4},"end":{"line":54,"column":109}}},"fnMap":{"0":{"name":"(anonymous_0)","decl":{"start":{"line":4,"column":27},"end":{"line":4,"column":28}},"loc":{"start":{"line":4,"column":47},"end":{"line":14,"column":1}},"line":4},"1":{"name":"(anonymous_1)","decl":{"start":{"line":16,"column":24},"end":{"line":16,"column":25}},"loc":{"start":{"line":16,"column":44},"end":{"line":28,"column":1}},"line":16},"2":{"name":"(anonymous_2)","decl":{"start":{"line":20,"column":35},"end":{"line":20,"column":36}},"loc":{"start":{"line":20,"column":43},"end":{"line":22,"column":9}},"line":20},"3":{"name":"calculateSleep","decl":{"start":{"line":30,"column":16},"end":{"line":30,"column":30}},"loc":{"start":{"line":30,"column":37},"end":{"line":55,"column":1}},"line":30}},"branchMap":{"0":{"loc":{"start":{"line":35,"column":4},"end":{"line":41,"column":5}},"type":"if","locations":[{"start":{"line":35,"column":4},"end":{"line":41,"column":5}},{"start":{"line":37,"column":11},"end":{"line":41,"column":5}}],"line":35},"1":{"loc":{"start":{"line":37,"column":11},"end":{"line":41,"column":5}},"type":"if","locations":[{"start":{"line":37,"column":11},"end":{"line":41,"column":5}},{"start":{"line":39,"column":11},"end":{"line":41,"column":5}}],"line":37},"2":{"loc":{"start":{"line":43,"column":4},"end":{"line":47,"column":5}},"type":"if","locations":[{"start":{"line":43,"column":4},"end":{"line":47,"column":5}},{"start":{"line":45,"column":11},"end":{"line":47,"column":5}}],"line":43},"3":{"loc":{"start":{"line":49,"column":4},"end":{"line":50,"column":20}},"type":"if","locations":[{"start":{"line":49,"column":4},"end":{"line":50,"column":20}},{"start":{},"end":{}}],"line":49}},"s":{"0":2,"1":1,"2":1,"3":1,"4":1,"5":1,"6":0,"7":2,"8":1,"9":1,"10":1,"11":73,"12":1,"13":0,"14":74,"15":74,"16":74,"17":4,"18":70,"19":0,"20":70,"21":74,"22":74,"23":0,"24":74,"25":0,"26":74,"27":74},"f":{"0":1,"1":1,"2":73,"3":74},"b":{"0":[4,70],"1":[0,70],"2":[74,0],"3":[0,74]},"_coverageSchema":"1a1c01bbd47fc00a2c39e90264f33305004495a9","hash":"46ab22d9c11dd240105eecd2306fd8539069a6ec"}
,"C:\\Users\\User\\Desktop\\MERN\\daily-sleep\\server\\src\\controllers\\user.js": {"path":"C:\\Users\\User\\Desktop\\MERN\\daily-sleep\\server\\src\\controllers\\user.js","statementMap":{"0":{"start":{"line":5,"column":22},"end":{"line":22,"column":1}},"1":{"start":{"line":6,"column":17},"end":{"line":6,"column":25}},"2":{"start":{"line":8,"column":4},"end":{"line":21,"column":5}},"3":{"start":{"line":9,"column":29},"end":{"line":9,"column":70}},"4":{"start":{"line":11,"column":8},"end":{"line":11,"column":86}},"5":{"start":{"line":11,"column":26},"end":{"line":11,"column":86}},"6":{"start":{"line":13,"column":34},"end":{"line":13,"column":92}},"7":{"start":{"line":15,"column":8},"end":{"line":15,"column":93}},"8":{"start":{"line":15,"column":31},"end":{"line":15,"column":93}},"9":{"start":{"line":18,"column":8},"end":{"line":18,"column":52}},"10":{"start":{"line":20,"column":8},"end":{"line":20,"column":46}},"11":{"start":{"line":24,"column":22},"end":{"line":41,"column":1}},"12":{"start":{"line":25,"column":17},"end":{"line":25,"column":25}},"13":{"start":{"line":27,"column":4},"end":{"line":40,"column":5}},"14":{"start":{"line":28,"column":29},"end":{"line":28,"column":68}},"15":{"start":{"line":29,"column":8},"end":{"line":29,"column":87}},"16":{"start":{"line":29,"column":25},"end":{"line":29,"column":87}},"17":{"start":{"line":31,"column":8},"end":{"line":31,"column":114}},"18":{"start":{"line":31,"column":51},"end":{"line":31,"column":114}},"19":{"start":{"line":33,"column":32},"end":{"line":33,"column":68}},"20":{"start":{"line":35,"column":23},"end":{"line":35,"column":133}},"21":{"start":{"line":37,"column":8},"end":{"line":37,"column":38}},"22":{"start":{"line":39,"column":8},"end":{"line":39,"column":54}}},"fnMap":{"0":{"name":"(anonymous_0)","decl":{"start":{"line":5,"column":22},"end":{"line":5,"column":23}},"loc":{"start":{"line":5,"column":42},"end":{"line":22,"column":1}},"line":5},"1":{"name":"(anonymous_1)","decl":{"start":{"line":24,"column":22},"end":{"line":24,"column":23}},"loc":{"start":{"line":24,"column":42},"end":{"line":41,"column":1}},"line":24}},"branchMap":{"0":{"loc":{"start":{"line":11,"column":8},"end":{"line":11,"column":86}},"type":"if","locations":[{"start":{"line":11,"column":8},"end":{"line":11,"column":86}},{"start":{},"end":{}}],"line":11},"1":{"loc":{"start":{"line":15,"column":8},"end":{"line":15,"column":93}},"type":"if","locations":[{"start":{"line":15,"column":8},"end":{"line":15,"column":93}},{"start":{},"end":{}}],"line":15},"2":{"loc":{"start":{"line":29,"column":8},"end":{"line":29,"column":87}},"type":"if","locations":[{"start":{"line":29,"column":8},"end":{"line":29,"column":87}},{"start":{},"end":{}}],"line":29},"3":{"loc":{"start":{"line":31,"column":8},"end":{"line":31,"column":114}},"type":"if","locations":[{"start":{"line":31,"column":8},"end":{"line":31,"column":114}},{"start":{},"end":{}}],"line":31}},"s":{"0":1,"1":0,"2":0,"3":0,"4":0,"5":0,"6":0,"7":0,"8":0,"9":0,"10":0,"11":1,"12":2,"13":2,"14":2,"15":2,"16":1,"17":1,"18":0,"19":1,"20":1,"21":1,"22":0},"f":{"0":0,"1":2},"b":{"0":[0,0],"1":[0,0],"2":[1,1],"3":[0,1]},"_coverageSchema":"1a1c01bbd47fc00a2c39e90264f33305004495a9","hash":"be5777a21ba3c776f359fabbdbb3f1dbbea5306d"}
,"C:\\Users\\User\\Desktop\\MERN\\daily-sleep\\server\\src\\models\\sleep.js": {"path":"C:\\Users\\User\\Desktop\\MERN\\daily-sleep\\server\\src\\models\\sleep.js","statementMap":{"0":{"start":{"line":3,"column":20},"end":{"line":8,"column":2}}},"fnMap":{},"branchMap":{},"s":{"0":2},"f":{},"b":{},"_coverageSchema":"1a1c01bbd47fc00a2c39e90264f33305004495a9","hash":"42634f6a3642fc90b4ba16b6a825ec71efdcfcad"}
,"C:\\Users\\User\\Desktop\\MERN\\daily-sleep\\server\\src\\models\\user.js": {"path":"C:\\Users\\User\\Desktop\\MERN\\daily-sleep\\server\\src\\models\\user.js","statementMap":{"0":{"start":{"line":3,"column":19},"end":{"line":8,"column":2}}},"fnMap":{},"branchMap":{},"s":{"0":1},"f":{},"b":{},"_coverageSchema":"1a1c01bbd47fc00a2c39e90264f33305004495a9","hash":"8938f576b78ac89256f1d99f4845095f5f646825"}
,"C:\\Users\\User\\Desktop\\MERN\\daily-sleep\\server\\src\\routes\\sleep.js": {"path":"C:\\Users\\User\\Desktop\\MERN\\daily-sleep\\server\\src\\routes\\sleep.js","statementMap":{"0":{"start":{"line":5,"column":15},"end":{"line":5,"column":31}},"1":{"start":{"line":7,"column":0},"end":{"line":7,"column":29}},"2":{"start":{"line":8,"column":0},"end":{"line":8,"column":26}}},"fnMap":{},"branchMap":{},"s":{"0":1,"1":1,"2":1},"f":{},"b":{},"_coverageSchema":"1a1c01bbd47fc00a2c39e90264f33305004495a9","hash":"1eac776b59f0c73d4b4e75c2510a35928b40b7e4"}
,"C:\\Users\\User\\Desktop\\MERN\\daily-sleep\\server\\src\\routes\\users.js": {"path":"C:\\Users\\User\\Desktop\\MERN\\daily-sleep\\server\\src\\routes\\users.js","statementMap":{"0":{"start":{"line":5,"column":15},"end":{"line":5,"column":31}},"1":{"start":{"line":7,"column":0},"end":{"line":7,"column":39}},"2":{"start":{"line":8,"column":0},"end":{"line":8,"column":38}}},"fnMap":{},"branchMap":{},"s":{"0":1,"1":1,"2":1},"f":{},"b":{},"_coverageSchema":"1a1c01bbd47fc00a2c39e90264f33305004495a9","hash":"beb903ce5a6eee8ca2c21b6fb70efa0c49e83ddf"}
}
