TN:
SF:src\controllers\sleep.js
FN:4,(anonymous_0)
FN:16,(anonymous_1)
FN:22,(anonymous_2)
FN:31,calculateSleep
FNF:4
FNH:4
FNDA:1,(anonymous_0)
FNDA:1,(anonymous_1)
FNDA:70,(anonymous_2)
FNDA:71,calculateSleep
DA:4,2
DA:5,1
DA:6,1
DA:7,1
DA:8,1
DA:10,1
DA:12,0
DA:16,2
DA:17,1
DA:18,1
DA:19,1
DA:20,1
DA:22,1
DA:23,70
DA:25,1
DA:27,0
DA:32,71
DA:34,71
DA:36,71
DA:37,1
DA:38,70
DA:39,10
DA:41,60
DA:44,71
DA:45,71
DA:47,0
DA:50,71
DA:51,13
DA:53,71
DA:55,71
LF:30
LH:27
BRDA:36,0,0,1
BRDA:36,0,1,70
BRDA:38,1,0,10
BRDA:38,1,1,60
BRDA:44,2,0,71
BRDA:44,2,1,0
BRDA:50,3,0,13
BRDA:50,3,1,58
BRF:8
BRH:7
end_of_record
TN:
SF:src\controllers\user.js
FN:5,(anonymous_0)
FN:24,(anonymous_1)
FNF:2
FNH:2
FNDA:1,(anonymous_0)
FNDA:1,(anonymous_1)
DA:5,1
DA:7,1
DA:8,1
DA:9,1
DA:11,1
DA:13,1
DA:15,1
DA:18,1
DA:20,0
DA:24,1
DA:26,1
DA:27,1
DA:28,1
DA:30,1
DA:31,1
DA:33,1
DA:35,1
DA:37,1
DA:39,1
DA:41,0
LF:20
LH:18
BRDA:11,0,0,0
BRDA:11,0,1,1
BRDA:15,1,0,0
BRDA:15,1,1,1
BRDA:31,2,0,0
BRDA:31,2,1,1
BRDA:33,3,0,0
BRDA:33,3,1,1
BRF:8
BRH:4
end_of_record
TN:
SF:src\models\sleep.js
FNF:0
FNH:0
DA:3,2
LF:1
LH:1
BRF:0
BRH:0
end_of_record
TN:
SF:src\models\user.js
FNF:0
FNH:0
DA:3,1
LF:1
LH:1
BRF:0
BRH:0
end_of_record
TN:
SF:src\routes\sleep.js
FNF:0
FNH:0
DA:5,1
DA:7,1
DA:8,1
LF:3
LH:3
BRF:0
BRH:0
end_of_record
TN:
SF:src\routes\users.js
FNF:0
FNH:0
DA:5,1
DA:7,1
DA:8,1
LF:3
LH:3
BRF:0
BRH:0
end_of_record
