TN:
SF:src\controllers\sleep.js
FN:4,(anonymous_0)
FN:16,(anonymous_1)
FN:20,(anonymous_2)
FN:30,calculateSleep
FNF:4
FNH:4
FNDA:1,(anonymous_0)
FNDA:1,(anonymous_1)
FNDA:73,(anonymous_2)
FNDA:74,calculateSleep
DA:4,2
DA:5,1
DA:6,1
DA:7,1
DA:8,1
DA:10,1
DA:12,0
DA:16,2
DA:17,1
DA:18,1
DA:20,1
DA:21,73
DA:24,1
DA:26,0
DA:31,74
DA:33,74
DA:35,74
DA:36,4
DA:37,70
DA:38,0
DA:40,70
DA:43,74
DA:44,74
DA:46,0
DA:49,74
DA:50,0
DA:52,74
DA:54,74
LF:28
LH:23
BRDA:35,0,0,4
BRDA:35,0,1,70
BRDA:37,1,0,0
BRDA:37,1,1,70
BRDA:43,2,0,74
BRDA:43,2,1,0
BRDA:49,3,0,0
BRDA:49,3,1,74
BRF:8
BRH:5
end_of_record
TN:
SF:src\controllers\user.js
FN:5,(anonymous_0)
FN:24,(anonymous_1)
FNF:2
FNH:1
FNDA:0,(anonymous_0)
FNDA:2,(anonymous_1)
DA:5,1
DA:6,0
DA:8,0
DA:9,0
DA:11,0
DA:13,0
DA:15,0
DA:18,0
DA:20,0
DA:24,1
DA:25,2
DA:27,2
DA:28,2
DA:29,2
DA:31,1
DA:33,1
DA:35,1
DA:37,1
DA:39,0
LF:19
LH:10
BRDA:11,0,0,0
BRDA:11,0,1,0
BRDA:15,1,0,0
BRDA:15,1,1,0
BRDA:29,2,0,1
BRDA:29,2,1,1
BRDA:31,3,0,0
BRDA:31,3,1,1
BRF:8
BRH:3
end_of_record
TN:
SF:src\models\sleep.js
FNF:0
FNH:0
DA:3,2
LF:1
LH:1
BRF:0
BRH:0
end_of_record
TN:
SF:src\models\user.js
FNF:0
FNH:0
DA:3,1
LF:1
LH:1
BRF:0
BRH:0
end_of_record
TN:
SF:src\routes\sleep.js
FNF:0
FNH:0
DA:5,1
DA:7,1
DA:8,1
LF:3
LH:3
BRF:0
BRH:0
end_of_record
TN:
SF:src\routes\users.js
FNF:0
FNH:0
DA:5,1
DA:7,1
DA:8,1
LF:3
LH:3
BRF:0
BRH:0
end_of_record
